Could not find conda environment: bd_project
You can list all discoverable environments with `conda info --envs`.

[I 09:13:55.849 NotebookApp] JupyterLab extension loaded from /cvmfs/sling.si/modules/el7/software/Anaconda3/2020.11/lib/python3.8/site-packages/jupyterlab
[I 09:13:55.850 NotebookApp] JupyterLab application directory is /cvmfs/sling.si/modules/el7/software/Anaconda3/2020.11/share/jupyter/lab
[I 09:13:55.853 NotebookApp] Serving notebooks from local directory: /d/hpc/home/mt0603/BD_project
[I 09:13:55.854 NotebookApp] Jupyter Notebook 6.1.4 is running at:
[I 09:13:55.854 NotebookApp] http://wn123.arnes.si:30786/?token=5adb44b7e44eb0aaf8868601ba67ac93c161208287363bd6
[I 09:13:55.854 NotebookApp]  or http://127.0.0.1:30786/?token=5adb44b7e44eb0aaf8868601ba67ac93c161208287363bd6
[I 09:13:55.854 NotebookApp] Use Control-C to stop this server and shut down all kernels (twice to skip confirmation).
[C 09:13:55.860 NotebookApp] 
    
    To access the notebook, open this file in a browser:
        file:///d/hpc/home/mt0603/.local/share/jupyter/runtime/nbserver-3416949-open.html
    Or copy and paste one of these URLs:
        http://wn123.arnes.si:30786/?token=5adb44b7e44eb0aaf8868601ba67ac93c161208287363bd6
     or http://127.0.0.1:30786/?token=5adb44b7e44eb0aaf8868601ba67ac93c161208287363bd6
[I 09:14:30.971 NotebookApp] 302 GET /?token=5adb44b7e44eb0aaf8868601ba67ac93c161208287363bd6 (153.5.72.252) 0.77ms
[W 09:15:14.666 NotebookApp] Notebook Dask-Slurm.ipynb is not trusted
[I 09:15:15.102 NotebookApp] Kernel started: 343e3ab9-961c-4cbf-8b0a-28e3f4c2c3ff, name: python3
[I 09:15:17.073 NotebookApp] Kernel started: 6bba243c-2a25-4411-a40f-6483be553be8, name: bd_project
[I 09:17:15.630 NotebookApp] Saving file at /Dask-Slurm.ipynb
[W 09:17:15.631 NotebookApp] Notebook Dask-Slurm.ipynb is not trusted
[I 09:17:17.094 NotebookApp] Saving file at /task 1.ipynb
[I 09:19:17.141 NotebookApp] Saving file at /task 1.ipynb
[I 09:21:17.172 NotebookApp] Saving file at /task 1.ipynb
[I 09:23:17.152 NotebookApp] Saving file at /task 1.ipynb
[I 09:25:17.164 NotebookApp] Saving file at /task 1.ipynb
[I 09:27:17.175 NotebookApp] Saving file at /task 1.ipynb
[I 09:45:40.134 NotebookApp] Saving file at /task 1.ipynb
[I 09:47:40.900 NotebookApp] Saving file at /task 1.ipynb
[I 09:59:49.062 NotebookApp] Saving file at /task 1.ipynb
[I 11:24:05.079 NotebookApp] Saving file at /task 1.ipynb
[I 11:37:03.266 NotebookApp] Kernel interrupted: 6bba243c-2a25-4411-a40f-6483be553be8
[I 11:38:09.123 NotebookApp] Saving file at /task 1.ipynb
[I 11:42:10.308 NotebookApp] Saving file at /task 1.ipynb
[I 11:52:12.606 NotebookApp] Saving file at /task 1.ipynb
[I 11:56:12.965 NotebookApp] Saving file at /task 1.ipynb
[I 11:58:13.690 NotebookApp] Saving file at /task 1.ipynb
[I 12:00:14.080 NotebookApp] Saving file at /task 1.ipynb
[W 12:03:49.589 NotebookApp] 404 GET /153.5.72.123:21722/status (153.5.72.252) 20.49ms referer=None
[I 12:14:15.144 NotebookApp] Saving file at /task 1.ipynb
[I 12:16:15.314 NotebookApp] Saving file at /task 1.ipynb
[I 12:16:15.675 NotebookApp] Saving file at /Dask-Slurm.ipynb
[W 12:16:15.676 NotebookApp] Notebook Dask-Slurm.ipynb is not trusted
[I 12:18:15.438 NotebookApp] Saving file at /task 1.ipynb
[I 12:20:16.008 NotebookApp] Saving file at /task 1.ipynb
[I 12:22:18.698 NotebookApp] Saving file at /task 1.ipynb
[I 12:26:20.006 NotebookApp] Saving file at /task 1.ipynb
[I 12:28:19.903 NotebookApp] Saving file at /task 1.ipynb
[I 12:30:21.065 NotebookApp] Saving file at /task 1.ipynb
[I 12:32:21.599 NotebookApp] Saving file at /task 1.ipynb
[I 12:44:25.118 NotebookApp] Saving file at /task 1.ipynb
[I 12:48:26.038 NotebookApp] Saving file at /task 1.ipynb
[I 12:52:37.008 NotebookApp] Kernel interrupted: 6bba243c-2a25-4411-a40f-6483be553be8
[I 12:54:27.136 NotebookApp] Saving file at /task 1.ipynb
[I 12:56:27.235 NotebookApp] Saving file at /task 1.ipynb
[I 13:00:27.759 NotebookApp] Saving file at /task 1.ipynb
[I 13:04:28.836 NotebookApp] Saving file at /task 1.ipynb
[I 13:06:28.722 NotebookApp] Saving file at /task 1.ipynb
[I 13:08:28.689 NotebookApp] Saving file at /task 1.ipynb
[I 13:10:29.619 NotebookApp] Saving file at /task 1.ipynb
[I 13:12:29.656 NotebookApp] Saving file at /task 1.ipynb
[I 13:14:29.632 NotebookApp] Saving file at /task 1.ipynb
[I 13:16:29.730 NotebookApp] Saving file at /task 1.ipynb
[I 13:18:29.870 NotebookApp] Saving file at /task 1.ipynb
[I 13:20:29.899 NotebookApp] Saving file at /task 1.ipynb
[I 13:24:30.090 NotebookApp] Saving file at /task 1.ipynb
